TN:
SF:src/auto-router.ts
FN:113,matchesFilter
FN:169,loadRoutes
FN:198,(anonymous_2)
FN:245,validateFileName
FN:288,validateDirPath
FN:300,scanDir
FN:407,(anonymous_6)
FN:449,(anonymous_7)
FN:527,(anonymous_8)
FN:528,(anonymous_9)
FN:584,(anonymous_10)
FN:760,autoRouter
FN:822,(anonymous_12)
FNF:13
FNH:13
FNDA:11,matchesFilter
FNDA:40,loadRoutes
FNDA:259,(anonymous_2)
FNDA:49,validateFileName
FNDA:3,validateDirPath
FNDA:43,scanDir
FNDA:45,(anonymous_6)
FNDA:43,(anonymous_7)
FNDA:4,(anonymous_8)
FNDA:7,(anonymous_9)
FNDA:1,(anonymous_10)
FNDA:38,autoRouter
FNDA:38,(anonymous_12)
DA:95,1
DA:122,11
DA:124,11
DA:125,11
DA:126,2
DA:127,2
DA:128,2
DA:129,2
DA:135,11
DA:136,1
DA:139,10
DA:140,10
DA:144,10
DA:145,10
DA:146,10
DA:147,10
DA:150,10
DA:151,12
DA:155,1
DA:156,1
DA:159,11
DA:160,7
DA:164,2
DA:182,40
DA:183,40
DA:187,40
DA:188,40
DA:191,40
DA:194,40
DA:198,40
DA:199,259
DA:202,19
DA:203,19
DA:208,240
DA:210,234
DA:212,193
DA:213,193
DA:215,15
DA:216,15
DA:218,26
DA:219,26
DA:223,40
DA:228,40
DA:229,34
DA:238,40
DA:239,35
DA:241,40
DA:246,49
DA:250,49
DA:251,3
DA:257,46
DA:258,57
DA:259,45
DA:260,45
DA:264,46
DA:265,1
DA:274,45
DA:275,45
DA:276,1
DA:283,44
DA:289,3
DA:290,1
DA:301,43
DA:303,42
DA:304,54
DA:306,54
DA:307,54
DA:311,1
DA:312,1
DA:313,1
DA:316,53
DA:319,3
DA:322,3
DA:323,3
DA:327,0
DA:328,0
DA:330,50
DA:333,49
DA:334,49
DA:335,2
DA:337,2
DA:338,2
DA:342,47
DA:343,47
DA:347,47
DA:348,47
DA:351,44
DA:361,47
DA:372,47
DA:375,44
DA:379,3
DA:382,47
DA:387,47
DA:390,47
DA:391,47
DA:392,1
DA:394,1
DA:396,1
DA:399,46
DA:403,46
DA:404,46
DA:406,46
DA:408,45
DA:413,45
DA:414,1
DA:419,44
DA:420,1
DA:421,1
DA:422,1
DA:427,43
DA:428,1
DA:430,1
DA:435,1
DA:437,1
DA:439,1
DA:440,1
DA:441,1
DA:442,1
DA:444,1
DA:449,43
DA:450,42
DA:451,1
DA:453,1
DA:458,1
DA:460,1
DA:474,41
DA:477,2
DA:478,2
DA:479,39
DA:484,3
DA:490,2
DA:493,1
DA:495,1
DA:497,1
DA:498,1
DA:502,1
DA:504,1
DA:506,1
DA:511,1
DA:512,1
DA:514,1
DA:516,1
DA:518,1
DA:519,1
DA:520,1
DA:527,39
DA:528,39
DA:532,39
DA:533,1
DA:540,39
DA:541,39
DA:544,39
DA:547,2
DA:553,2
DA:554,1
DA:555,1
DA:556,1
DA:558,37
DA:561,1
DA:562,36
DA:563,3
DA:564,33
DA:565,1
DA:567,32
DA:569,39
DA:570,39
DA:574,39
DA:575,39
DA:576,39
DA:577,8
DA:579,31
DA:582,39
DA:585,1
DA:587,1
DA:590,46
DA:595,40
DA:597,40
DA:598,40
DA:599,40
DA:603,1
DA:604,1
DA:605,1
DA:610,39
DA:617,39
DA:618,1
DA:627,39
DA:628,2
DA:637,39
DA:638,4
DA:639,4
DA:640,1
DA:651,39
DA:652,6
DA:653,6
DA:654,1
DA:665,39
DA:667,39
DA:668,8
DA:671,31
DA:673,31
DA:675,31
DA:785,38
DA:798,38
DA:800,38
DA:801,39
DA:805,39
DA:808,41
DA:809,41
DA:822,38
DA:824,38
DA:825,1
DA:830,37
DA:831,40
LF:213
LH:211
BRDA:125,0,0,2
BRDA:127,1,0,2
BRDA:135,2,0,1
BRDA:135,3,0,11
BRDA:135,3,1,2
BRDA:140,4,0,1
BRDA:140,4,1,9
BRDA:145,5,0,10
BRDA:145,6,0,10
BRDA:145,6,1,10
BRDA:146,7,0,10
BRDA:146,7,1,0
BRDA:151,8,0,1
BRDA:151,8,1,11
BRDA:155,9,0,1
BRDA:159,10,0,7
BRDA:199,11,0,19
BRDA:208,12,0,6
BRDA:210,13,0,193
BRDA:210,13,1,15
BRDA:210,13,2,26
BRDA:228,14,0,34
BRDA:238,15,0,35
BRDA:250,16,0,3
BRDA:258,17,0,45
BRDA:264,18,0,1
BRDA:275,19,0,1
BRDA:289,20,0,1
BRDA:300,21,0,40
BRDA:316,22,0,3
BRDA:316,22,1,50
BRDA:323,23,0,0
BRDA:323,23,1,3
BRDA:330,24,0,49
BRDA:330,25,0,50
BRDA:330,25,1,1
BRDA:330,25,2,50
BRDA:334,26,0,2
BRDA:348,27,0,44
BRDA:372,28,0,44
BRDA:372,28,1,3
BRDA:375,29,0,2
BRDA:375,29,1,42
BRDA:387,30,0,47
BRDA:387,30,1,0
BRDA:391,31,0,1
BRDA:413,32,0,1
BRDA:413,33,0,45
BRDA:413,33,1,45
BRDA:419,34,0,1
BRDA:427,35,0,1
BRDA:427,36,0,43
BRDA:427,36,1,39
BRDA:427,36,2,3
BRDA:450,37,0,1
BRDA:474,38,0,2
BRDA:474,38,1,39
BRDA:479,39,0,36
BRDA:479,39,1,3
BRDA:484,40,0,2
BRDA:484,40,1,1
BRDA:484,41,0,3
BRDA:484,41,1,2
BRDA:490,42,0,1
BRDA:490,42,1,1
BRDA:532,43,0,1
BRDA:532,44,0,39
BRDA:532,44,1,3
BRDA:540,45,0,3
BRDA:541,46,0,5
BRDA:544,47,0,2
BRDA:544,47,1,37
BRDA:553,48,0,1
BRDA:553,48,1,1
BRDA:555,49,0,1
BRDA:558,50,0,1
BRDA:558,50,1,36
BRDA:558,51,0,37
BRDA:558,51,1,2
BRDA:562,52,0,3
BRDA:562,52,1,33
BRDA:564,53,0,1
BRDA:564,53,1,32
BRDA:569,54,0,8
BRDA:569,54,1,31
BRDA:576,55,0,8
BRDA:576,55,1,31
BRDA:637,56,0,4
BRDA:639,57,0,1
BRDA:651,58,0,6
BRDA:653,59,0,1
BRDA:667,60,0,8
BRDA:667,60,1,31
BRDA:761,61,0,1
BRDA:785,62,0,2
BRDA:785,62,1,36
BRDA:801,63,0,1
BRDA:801,63,1,38
BRDA:803,64,0,35
BRDA:803,64,1,3
BRDA:808,65,0,0
BRDA:808,65,1,41
BRDA:808,66,0,41
BRDA:808,66,1,41
BRDA:810,67,0,41
BRDA:810,67,1,1
BRDA:812,68,0,41
BRDA:812,68,1,33
BRDA:813,69,0,41
BRDA:813,69,1,36
BRDA:814,70,0,41
BRDA:814,70,1,39
BRDA:824,71,0,1
BRF:113
BRH:109
end_of_record
TN:
SF:src/handler.ts
FN:110,createHandler
FN:128,isRouteConfig
FNF:2
FNH:2
FNDA:4,createHandler
FNDA:54,isRouteConfig
DA:111,4
DA:119,4
DA:129,54
LF:3
LH:3
BRDA:115,0,0,1
BRDA:115,0,1,3
BRDA:115,1,0,4
BRDA:115,1,1,2
BRDA:130,2,0,54
BRDA:130,2,1,52
BRDA:130,2,2,13
BRDA:130,2,3,12
BRF:8
BRH:8
end_of_record
